# JRE version: OpenJDK Runtime Environment (8.0_152-b06) (build 1.8.0_152-release-1136-b06)
# Java VM: OpenJDK 64-Bit Server VM (25.152-b06 mixed mode windows-amd64 compressed oops)
Heap:
 PSYoungGen      total 163328K, used 144547K [0x00000000e0000000, 0x00000000ed480000, 0x0000000100000000)
  eden space 146432K, 87% used [0x00000000e0000000,0x00000000e7ca97a8,0x00000000e8f00000)
  from space 16896K, 99% used [0x00000000ec400000,0x00000000ed47f510,0x00000000ed480000)
  to   space 20480K, 0% used [0x00000000eac80000,0x00000000eac80000,0x00000000ec080000)
 ParOldGen       total 93696K, used 37138K [0x00000000a0000000, 0x00000000a5b80000, 0x00000000e0000000)
  object space 93696K, 39% used [0x00000000a0000000,0x00000000a2444988,0x00000000a5b80000)
 Metaspace       used 78153K, capacity 81462K, committed 81664K, reserved 1120256K
  class space    used 10239K, capacity 10890K, committed 11008K, reserved 1048576K
GC Heap History (10 events):
Event: 32.517 GC heap before
{Heap before GC invocations=13 (full 2):
 PSYoungGen      total 130048K, used 130044K [0x00000000e0000000, 0x00000000eb580000, 0x0000000100000000)
  eden space 121344K, 100% used [0x00000000e0000000,0x00000000e7680000,0x00000000e7680000)
  from space 8704K, 99% used [0x00000000e8480000,0x00000000e8cff300,0x00000000e8d00000)
  to   space 14336K, 0% used [0x00000000e7680000,0x00000000e7680000,0x00000000e8480000)
 ParOldGen       total 58880K, used 24793K [0x00000000a0000000, 0x00000000a3980000, 0x00000000e0000000)
  object space 58880K, 42% used [0x00000000a0000000,0x00000000a1836468,0x00000000a3980000)
 Metaspace       used 53682K, capacity 55310K, committed 55424K, reserved 1097728K
  class space    used 7343K, capacity 7750K, committed 7808K, reserved 1048576K
Event: 32.539 GC heap after
Heap after GC invocations=13 (full 2):
 PSYoungGen      total 135680K, used 14329K [0x00000000e0000000, 0x00000000ebb00000, 0x0000000100000000)
  eden space 121344K, 0% used [0x00000000e0000000,0x00000000e0000000,0x00000000e7680000)
  from space 14336K, 99% used [0x00000000e7680000,0x00000000e847e6c8,0x00000000e8480000)
  to   space 18432K, 0% used [0x00000000ea900000,0x00000000ea900000,0x00000000ebb00000)
 ParOldGen       total 58880K, used 30675K [0x00000000a0000000, 0x00000000a3980000, 0x00000000e0000000)
  object space 58880K, 52% used [0x00000000a0000000,0x00000000a1df4da8,0x00000000a3980000)
 Metaspace       used 53682K, capacity 55310K, committed 55424K, reserved 1097728K
  class space    used 7343K, capacity 7750K, committed 7808K, reserved 1048576K
}
Event: 39.819 GC heap before
{Heap before GC invocations=14 (full 2):
 PSYoungGen      total 135680K, used 107377K [0x00000000e0000000, 0x00000000ebb00000, 0x0000000100000000)
  eden space 121344K, 76% used [0x00000000e0000000,0x00000000e5addf78,0x00000000e7680000)
  from space 14336K, 99% used [0x00000000e7680000,0x00000000e847e6c8,0x00000000e8480000)
  to   space 18432K, 0% used [0x00000000ea900000,0x00000000ea900000,0x00000000ebb00000)
 ParOldGen       total 58880K, used 30675K [0x00000000a0000000, 0x00000000a3980000, 0x00000000e0000000)
  object space 58880K, 52% used [0x00000000a0000000,0x00000000a1df4da8,0x00000000a3980000)
 Metaspace       used 57152K, capacity 58914K, committed 59008K, reserved 1099776K
  class space    used 7824K, capacity 8226K, committed 8320K, reserved 1048576K
Event: 39.840 GC heap after
Heap after GC invocations=14 (full 2):
 PSYoungGen      total 165888K, used 8240K [0x00000000e0000000, 0x00000000eb680000, 0x0000000100000000)
  eden space 152064K, 0% used [0x00000000e0000000,0x00000000e0000000,0x00000000e9480000)
  from space 13824K, 59% used [0x00000000ea900000,0x00000000eb10c0f8,0x00000000eb680000)
  to   space 17408K, 0% used [0x00000000e9480000,0x00000000e9480000,0x00000000ea580000)
 ParOldGen       total 58880K, used 44138K [0x00000000a0000000, 0x00000000a3980000, 0x00000000e0000000)
  object space 58880K, 74% used [0x00000000a0000000,0x00000000a2b1aa48,0x00000000a3980000)
 Metaspace       used 57152K, capacity 58914K, committed 59008K, reserved 1099776K
  class space    used 7824K, capacity 8226K, committed 8320K, reserved 1048576K
}
Event: 39.840 GC heap before
{Heap before GC invocations=15 (full 3):
 PSYoungGen      total 165888K, used 8240K [0x00000000e0000000, 0x00000000eb680000, 0x0000000100000000)
  eden space 152064K, 0% used [0x00000000e0000000,0x00000000e0000000,0x00000000e9480000)
  from space 13824K, 59% used [0x00000000ea900000,0x00000000eb10c0f8,0x00000000eb680000)
  to   space 17408K, 0% used [0x00000000e9480000,0x00000000e9480000,0x00000000ea580000)
 ParOldGen       total 58880K, used 44138K [0x00000000a0000000, 0x00000000a3980000, 0x00000000e0000000)
  object space 58880K, 74% used [0x00000000a0000000,0x00000000a2b1aa48,0x00000000a3980000)
 Metaspace       used 57152K, capacity 58914K, committed 59008K, reserved 1099776K
  class space    used 7824K, capacity 8226K, committed 8320K, reserved 1048576K
Event: 40.025 GC heap after
Heap after GC invocations=15 (full 3):
 PSYoungGen      total 165888K, used 0K [0x00000000e0000000, 0x00000000eb680000, 0x0000000100000000)
  eden space 152064K, 0% used [0x00000000e0000000,0x00000000e0000000,0x00000000e9480000)
  from space 13824K, 0% used [0x00000000ea900000,0x00000000ea900000,0x00000000eb680000)
  to   space 17408K, 0% used [0x00000000e9480000,0x00000000e9480000,0x00000000ea580000)
 ParOldGen       total 93696K, used 34878K [0x00000000a0000000, 0x00000000a5b80000, 0x00000000e0000000)
  object space 93696K, 37% used [0x00000000a0000000,0x00000000a220fbc0,0x00000000a5b80000)
 Metaspace       used 57152K, capacity 58914K, committed 59008K, reserved 1099776K
  class space    used 7824K, capacity 8226K, committed 8320K, reserved 1048576K
}
Event: 147.132 GC heap before
{Heap before GC invocations=16 (full 3):
 PSYoungGen      total 165888K, used 152064K [0x00000000e0000000, 0x00000000eb680000, 0x0000000100000000)
  eden space 152064K, 100% used [0x00000000e0000000,0x00000000e9480000,0x00000000e9480000)
  from space 13824K, 0% used [0x00000000ea900000,0x00000000ea900000,0x00000000eb680000)
  to   space 17408K, 0% used [0x00000000e9480000,0x00000000e9480000,0x00000000ea580000)
 ParOldGen       total 93696K, used 34878K [0x00000000a0000000, 0x00000000a5b80000, 0x00000000e0000000)
  object space 93696K, 37% used [0x00000000a0000000,0x00000000a220fbc0,0x00000000a5b80000)
 Metaspace       used 60950K, capacity 62878K, committed 63104K, reserved 1103872K
  class space    used 8060K, capacity 8484K, committed 8576K, reserved 1048576K
Event: 147.142 GC heap after
Heap after GC invocations=16 (full 3):
 PSYoungGen      total 169472K, used 6225K [0x00000000e0000000, 0x00000000ed480000, 0x0000000100000000)
  eden space 152064K, 0% used [0x00000000e0000000,0x00000000e0000000,0x00000000e9480000)
  from space 17408K, 35% used [0x00000000e9480000,0x00000000e9a944c8,0x00000000ea580000)
  to   space 16896K, 0% used [0x00000000ec400000,0x00000000ec400000,0x00000000ed480000)
 ParOldGen       total 93696K, used 34886K [0x00000000a0000000, 0x00000000a5b80000, 0x00000000e0000000)
  object space 93696K, 37% used [0x00000000a0000000,0x00000000a2211bc0,0x00000000a5b80000)
 Metaspace       used 60950K, capacity 62878K, committed 63104K, reserved 1103872K
  class space    used 8060K, capacity 8484K, committed 8576K, reserved 1048576K
}
Event: 633.916 GC heap before
{Heap before GC invocations=17 (full 3):
 PSYoungGen      total 169472K, used 158289K [0x00000000e0000000, 0x00000000ed480000, 0x0000000100000000)
  eden space 152064K, 100% used [0x00000000e0000000,0x00000000e9480000,0x00000000e9480000)
  from space 17408K, 35% used [0x00000000e9480000,0x00000000e9a944c8,0x00000000ea580000)
  to   space 16896K, 0% used [0x00000000ec400000,0x00000000ec400000,0x00000000ed480000)
 ParOldGen       total 93696K, used 34886K [0x00000000a0000000, 0x00000000a5b80000, 0x00000000e0000000)
  object space 93696K, 37% used [0x00000000a0000000,0x00000000a2211bc0,0x00000000a5b80000)
 Metaspace       used 66354K, capacity 68618K, committed 68864K, reserved 1110016K
  class space    used 8669K, capacity 9158K, committed 9216K, reserved 1048576K
Event: 633.957 GC heap after
Heap after GC invocations=17 (full 3):
 PSYoungGen      total 163328K, used 16893K [0x00000000e0000000, 0x00000000ed480000, 0x0000000100000000)
  eden space 146432K, 0% used [0x00000000e0000000,0x00000000e0000000,0x00000000e8f00000)
  from space 16896K, 99% used [0x00000000ec400000,0x00000000ed47f510,0x00000000ed480000)
  to   space 20480K, 0% used [0x00000000eac80000,0x00000000eac80000,0x00000000ec080000)
 ParOldGen       total 93696K, used 37138K [0x00000000a0000000, 0x00000000a5b80000, 0x00000000e0000000)
  object space 93696K, 39% used [0x00000000a0000000,0x00000000a2444988,0x00000000a5b80000)
 Metaspace       used 66354K, capacity 68618K, committed 68864K, reserved 1110016K
  class space    used 8669K, capacity 9158K, committed 9216K, reserved 1048576K
}

